0 info it worked if it ends with ok
1 verbose cli [ 'node', '/usr/local/bin/npm', 'install', 'fs' ]
2 info using npm@1.2.25
3 info using node@v0.10.10
4 verbose read json /Users/bmyers/node/sisyphus-app/package.json
5 warn package.json sisyphus-app@0.0.12 No repository field.
6 verbose read json /Users/bmyers/node/sisyphus-app/node_modules/connect-mongo/package.json
7 verbose read json /Users/bmyers/node/sisyphus-app/node_modules/crypto/package.json
8 verbose read json /Users/bmyers/node/sisyphus-app/node_modules/express/package.json
9 verbose read json /Users/bmyers/node/sisyphus-app/node_modules/express.io/package.json
10 verbose read json /Users/bmyers/node/sisyphus-app/node_modules/jade/package.json
11 verbose read json /Users/bmyers/node/sisyphus-app/node_modules/less-middleware/package.json
12 verbose read json /Users/bmyers/node/sisyphus-app/node_modules/mongodb/package.json
13 verbose read json /Users/bmyers/node/sisyphus-app/node_modules/mongoose/package.json
14 verbose read json /Users/bmyers/node/sisyphus-app/node_modules/socket.io/package.json
15 verbose read json /Users/bmyers/node/sisyphus-app/node_modules/underscore/package.json
16 verbose from cache /Users/bmyers/node/sisyphus-app/package.json
17 verbose readDependencies using package.json deps
18 verbose cache add [ 'fs@*', null ]
19 verbose cache add name=undefined spec="fs@*" args=["fs@*",null]
20 verbose parsed url { protocol: null,
20 verbose parsed url   slashes: null,
20 verbose parsed url   auth: null,
20 verbose parsed url   host: null,
20 verbose parsed url   port: null,
20 verbose parsed url   hostname: null,
20 verbose parsed url   hash: null,
20 verbose parsed url   search: null,
20 verbose parsed url   query: null,
20 verbose parsed url   pathname: 'fs@*',
20 verbose parsed url   path: 'fs@*',
20 verbose parsed url   href: 'fs@*' }
21 verbose cache add name="fs" spec="*" args=["fs","*"]
22 verbose parsed url { protocol: null,
22 verbose parsed url   slashes: null,
22 verbose parsed url   auth: null,
22 verbose parsed url   host: null,
22 verbose parsed url   port: null,
22 verbose parsed url   hostname: null,
22 verbose parsed url   hash: null,
22 verbose parsed url   search: null,
22 verbose parsed url   query: null,
22 verbose parsed url   pathname: '*',
22 verbose parsed url   path: '*',
22 verbose parsed url   href: '*' }
23 verbose addNamed [ 'fs', '*' ]
24 verbose addNamed [ null, '' ]
25 silly lockFile d8bf140d-fs fs@*
26 verbose lock fs@* /Users/bmyers/.npm/d8bf140d-fs.lock
27 silly addNameRange { name: 'fs', range: '', hasData: false }
28 verbose url raw fs
29 verbose url resolving [ 'https://registry.npmjs.org/', './fs' ]
30 verbose url resolved https://registry.npmjs.org/fs
31 info trying registry request attempt 1 at 13:48:38
32 http GET https://registry.npmjs.org/fs
33 http 404 https://registry.npmjs.org/fs
34 silly registry.get cb [ 404,
34 silly registry.get   { server: 'CouchDB/1.3.0 (Erlang OTP/R15B03)',
34 silly registry.get     date: 'Sat, 13 Jul 2013 17:48:38 GMT',
34 silly registry.get     'content-type': 'application/json',
34 silly registry.get     'content-length': '52',
34 silly registry.get     'cache-control': 'must-revalidate' } ]
35 silly lockFile d8bf140d-fs fs@*
36 silly lockFile d8bf140d-fs fs@*
37 error 404 'fs' is not in the npm registry.
37 error 404 You should bug the author to publish it
37 error 404
37 error 404 Note that you can also install from a
37 error 404 tarball, folder, or http url, or git url.
38 error System Darwin 12.4.0
39 error command "node" "/usr/local/bin/npm" "install" "fs"
40 error cwd /Users/bmyers/node/sisyphus-app
41 error node -v v0.10.10
42 error npm -v 1.2.25
43 error code E404
44 verbose exit [ 1, true ]
